c:\users\ryem_\source\repos\ludwigjam\game\debug\vc142.pdb
c:\users\ryem_\source\repos\ludwigjam\game\debug\vc142.idb
c:\users\ryem_\source\repos\ludwigjam\game\debug\entry.obj
c:\users\ryem_\source\repos\ludwigjam\game\debug\player.obj
c:\users\ryem_\source\repos\ludwigjam\game\debug\playstate.obj
c:\users\ryem_\source\repos\ludwigjam\game\debug\character.obj
c:\users\ryem_\source\repos\ludwigjam\game\debug\backgroundentity.obj
c:\users\ryem_\source\repos\ludwigjam\game\debug\worldobject.obj
c:\users\ryem_\source\repos\ludwigjam\game\debug\testentity.obj
c:\users\ryem_\source\repos\ludwigjam\debug\game.exe
c:\users\ryem_\source\repos\ludwigjam\game\debug\game.ilk
c:\users\ryem_\source\repos\ludwigjam\debug\game.pdb
c:\users\ryem_\source\repos\ludwigjam\game\debug\camera.obj
c:\users\ryem_\source\repos\ludwigjam\game\debug\player.obj.enc
c:\users\ryem_\source\repos\ludwigjam\game\debug\playstate.obj.enc
c:\users\ryem_\source\repos\ludwigjam\game\debug\game.tlog\cl.command.1.tlog
c:\users\ryem_\source\repos\ludwigjam\game\debug\game.tlog\cl.read.1.tlog
c:\users\ryem_\source\repos\ludwigjam\game\debug\game.tlog\cl.write.1.tlog
c:\users\ryem_\source\repos\ludwigjam\game\debug\game.tlog\link.command.1.tlog
c:\users\ryem_\source\repos\ludwigjam\game\debug\game.tlog\link.read.1.tlog
c:\users\ryem_\source\repos\ludwigjam\game\debug\game.tlog\link.write.1.tlog
