c:\users\ryem_\source\repos\ludwigjam\debug\haltec.pdb
c:\users\ryem_\source\repos\ludwigjam\debug\haltec.idb
c:\users\ryem_\source\repos\ludwigjam\haltec\debug\texturecache.obj
c:\users\ryem_\source\repos\ludwigjam\haltec\debug\textelement.obj
c:\users\ryem_\source\repos\ludwigjam\haltec\debug\menuobject.obj
c:\users\ryem_\source\repos\ludwigjam\haltec\debug\log.obj
c:\users\ryem_\source\repos\ludwigjam\haltec\debug\game.obj
c:\users\ryem_\source\repos\ludwigjam\haltec\debug\statedirector.obj
c:\users\ryem_\source\repos\ludwigjam\haltec\debug\gamestates.obj
c:\users\ryem_\source\repos\ludwigjam\haltec\debug\entity.obj
c:\users\ryem_\source\repos\ludwigjam\haltec\debug\settings.obj
c:\users\ryem_\source\repos\ludwigjam\haltec\debug\inputmanager.obj
c:\users\ryem_\source\repos\ludwigjam\haltec\debug\colour.obj
c:\users\ryem_\source\repos\ludwigjam\haltec\debug\collision.obj
c:\users\ryem_\source\repos\ludwigjam\haltec\debug\orientedboundingbox.obj
c:\users\ryem_\source\repos\ludwigjam\haltec\debug\boundingsphere.obj
c:\users\ryem_\source\repos\ludwigjam\haltec\debug\boundingbox.obj
c:\users\ryem_\source\repos\ludwigjam\haltec\debug\animation.obj
c:\users\ryem_\source\repos\ludwigjam\haltec\debug\texture.obj
c:\users\ryem_\source\repos\ludwigjam\haltec\debug\camera.obj
c:\users\ryem_\source\repos\ludwigjam\haltec\debug\time.obj
c:\users\ryem_\source\repos\ludwigjam\haltec\debug\vector3.obj
c:\users\ryem_\source\repos\ludwigjam\haltec\debug\haltec.pch
c:\users\ryem_\source\repos\ludwigjam\haltec\debug\pch.obj
c:\users\ryem_\source\repos\ludwigjam\debug\haltec.lib
c:\users\ryem_\source\repos\ludwigjam\haltec\debug\collision.obj.enc
c:\users\ryem_\source\repos\ludwigjam\haltec\debug\haltec.tlog\cl.command.1.tlog
c:\users\ryem_\source\repos\ludwigjam\haltec\debug\haltec.tlog\cl.read.1.tlog
c:\users\ryem_\source\repos\ludwigjam\haltec\debug\haltec.tlog\cl.write.1.tlog
c:\users\ryem_\source\repos\ludwigjam\haltec\debug\haltec.tlog\lib-link.read.1.tlog
c:\users\ryem_\source\repos\ludwigjam\haltec\debug\haltec.tlog\lib-link.write.1.tlog
c:\users\ryem_\source\repos\ludwigjam\haltec\debug\haltec.tlog\lib.command.1.tlog
